2020-11-11 10:45:56 [org.springframework.amqp.rabbit.RabbitListenerEndpointContainer#0-1] INFO  msg: >>>>> mq 收到 es 同步消息：{}[B@236c4162
2020-11-11 10:45:56 [org.springframework.amqp.rabbit.RabbitListenerEndpointContainer#0-1] INFO  msg: >>>>> es 同步成功
2020-11-11 11:13:51 [org.springframework.amqp.rabbit.RabbitListenerEndpointContainer#0-1] INFO  msg: >>>>> mq 收到 es2 同步消息：{}[B@37d3f975
2020-11-11 11:13:51 [org.springframework.amqp.rabbit.RabbitListenerEndpointContainer#0-1] INFO  msg: >>>>> es 同步成功
2020-11-11 11:13:51 [org.springframework.amqp.rabbit.RabbitListenerEndpointContainer#0-1] INFO  msg: >>>>> mq 收到 es2 同步消息：{}[B@6d1cf388
2020-11-11 11:13:51 [org.springframework.amqp.rabbit.RabbitListenerEndpointContainer#0-1] INFO  msg: >>>>> es 同步成功
2020-11-11 11:13:51 [org.springframework.amqp.rabbit.RabbitListenerEndpointContainer#0-1] INFO  msg: >>>>> mq 收到 es2 同步消息：{}[B@641bc1d1
2020-11-11 11:13:51 [org.springframework.amqp.rabbit.RabbitListenerEndpointContainer#0-1] INFO  msg: >>>>> es 同步成功
2020-11-11 11:13:51 [org.springframework.amqp.rabbit.RabbitListenerEndpointContainer#0-1] INFO  msg: >>>>> mq 收到 es2 同步消息：{}[B@5d91fbe1
2020-11-11 11:13:51 [org.springframework.amqp.rabbit.RabbitListenerEndpointContainer#0-1] INFO  msg: >>>>> es 同步成功
2020-11-11 11:13:51 [org.springframework.amqp.rabbit.RabbitListenerEndpointContainer#0-1] INFO  msg: >>>>> mq 收到 es2 同步消息：{}[B@46fa77ec
2020-11-11 11:13:51 [org.springframework.amqp.rabbit.RabbitListenerEndpointContainer#0-1] INFO  msg: >>>>> es 同步成功
2020-11-11 11:13:51 [org.springframework.amqp.rabbit.RabbitListenerEndpointContainer#0-1] INFO  msg: >>>>> mq 收到 es2 同步消息：{}[B@4c704c08
2020-11-11 11:13:51 [org.springframework.amqp.rabbit.RabbitListenerEndpointContainer#0-1] INFO  msg: >>>>> es 同步成功
2020-11-11 11:13:51 [org.springframework.amqp.rabbit.RabbitListenerEndpointContainer#0-1] INFO  msg: >>>>> mq 收到 es2 同步消息：{}[B@76df191e
2020-11-11 11:13:51 [org.springframework.amqp.rabbit.RabbitListenerEndpointContainer#0-1] INFO  msg: >>>>> es 同步成功
2020-11-11 11:13:51 [org.springframework.amqp.rabbit.RabbitListenerEndpointContainer#0-1] INFO  msg: >>>>> mq 收到 es2 同步消息：{}[B@2443bad7
2020-11-11 11:13:51 [org.springframework.amqp.rabbit.RabbitListenerEndpointContainer#0-1] INFO  msg: >>>>> es 同步成功
2020-11-11 11:13:51 [org.springframework.amqp.rabbit.RabbitListenerEndpointContainer#0-1] INFO  msg: >>>>> mq 收到 es2 同步消息：{}[B@3193eca4
2020-11-11 11:13:51 [org.springframework.amqp.rabbit.RabbitListenerEndpointContainer#0-1] INFO  msg: >>>>> es 同步成功
2020-11-11 11:13:51 [org.springframework.amqp.rabbit.RabbitListenerEndpointContainer#0-1] INFO  msg: >>>>> mq 收到 es2 同步消息：{}[B@7f4de692
2020-11-11 11:13:51 [org.springframework.amqp.rabbit.RabbitListenerEndpointContainer#0-1] INFO  msg: >>>>> es 同步成功
2020-11-11 11:13:51 [org.springframework.amqp.rabbit.RabbitListenerEndpointContainer#0-1] INFO  msg: >>>>> mq 收到 es2 同步消息：{}[B@7154178c
2020-11-11 11:13:51 [org.springframework.amqp.rabbit.RabbitListenerEndpointContainer#0-1] INFO  msg: >>>>> es 同步成功
2020-11-11 11:13:51 [org.springframework.amqp.rabbit.RabbitListenerEndpointContainer#0-1] INFO  msg: >>>>> mq 收到 es2 同步消息：{}[B@48f88e73
2020-11-11 11:13:51 [org.springframework.amqp.rabbit.RabbitListenerEndpointContainer#0-1] INFO  msg: >>>>> es 同步成功
2020-11-11 11:13:51 [org.springframework.amqp.rabbit.RabbitListenerEndpointContainer#0-1] INFO  msg: >>>>> mq 收到 es2 同步消息：{}[B@6620bd04
2020-11-11 11:13:51 [org.springframework.amqp.rabbit.RabbitListenerEndpointContainer#0-1] INFO  msg: >>>>> es 同步成功
2020-11-11 11:13:51 [org.springframework.amqp.rabbit.RabbitListenerEndpointContainer#0-1] INFO  msg: >>>>> mq 收到 es2 同步消息：{}[B@7649be24
2020-11-11 11:13:51 [org.springframework.amqp.rabbit.RabbitListenerEndpointContainer#0-1] INFO  msg: >>>>> es 同步成功
2020-11-11 11:13:51 [org.springframework.amqp.rabbit.RabbitListenerEndpointContainer#0-1] INFO  msg: >>>>> mq 收到 es2 同步消息：{}[B@27702f16
2020-11-11 11:13:51 [org.springframework.amqp.rabbit.RabbitListenerEndpointContainer#0-1] INFO  msg: >>>>> es 同步成功
2020-11-11 11:13:51 [org.springframework.amqp.rabbit.RabbitListenerEndpointContainer#0-1] INFO  msg: >>>>> mq 收到 es2 同步消息：{}[B@735fd9cb
2020-11-11 11:13:51 [org.springframework.amqp.rabbit.RabbitListenerEndpointContainer#0-1] INFO  msg: >>>>> es 同步成功
2020-11-11 11:13:51 [org.springframework.amqp.rabbit.RabbitListenerEndpointContainer#0-1] INFO  msg: >>>>> mq 收到 es2 同步消息：{}[B@6c6496ec
2020-11-11 11:13:51 [org.springframework.amqp.rabbit.RabbitListenerEndpointContainer#0-1] INFO  msg: >>>>> es 同步成功
2020-11-11 11:13:51 [org.springframework.amqp.rabbit.RabbitListenerEndpointContainer#0-1] INFO  msg: >>>>> mq 收到 es2 同步消息：{}[B@61788b2a
2020-11-11 11:13:51 [org.springframework.amqp.rabbit.RabbitListenerEndpointContainer#0-1] INFO  msg: >>>>> es 同步成功
2020-11-11 11:13:51 [org.springframework.amqp.rabbit.RabbitListenerEndpointContainer#0-1] INFO  msg: >>>>> mq 收到 es2 同步消息：{}[B@3ed7ef24
2020-11-11 11:13:51 [org.springframework.amqp.rabbit.RabbitListenerEndpointContainer#0-1] INFO  msg: >>>>> es 同步成功
2020-11-11 11:13:51 [org.springframework.amqp.rabbit.RabbitListenerEndpointContainer#0-1] INFO  msg: >>>>> mq 收到 es2 同步消息：{}[B@5fa8914d
2020-11-11 11:13:51 [org.springframework.amqp.rabbit.RabbitListenerEndpointContainer#0-1] INFO  msg: >>>>> es 同步成功
2020-11-11 11:13:51 [org.springframework.amqp.rabbit.RabbitListenerEndpointContainer#0-1] INFO  msg: >>>>> mq 收到 es2 同步消息：{}[B@1733afa2
2020-11-11 11:13:51 [org.springframework.amqp.rabbit.RabbitListenerEndpointContainer#0-1] INFO  msg: >>>>> es 同步成功
2020-11-11 11:13:51 [org.springframework.amqp.rabbit.RabbitListenerEndpointContainer#0-1] INFO  msg: >>>>> mq 收到 es2 同步消息：{}[B@323747b5
2020-11-11 11:13:51 [org.springframework.amqp.rabbit.RabbitListenerEndpointContainer#0-1] INFO  msg: >>>>> es 同步成功
2020-11-11 11:13:51 [org.springframework.amqp.rabbit.RabbitListenerEndpointContainer#0-1] INFO  msg: >>>>> mq 收到 es2 同步消息：{}[B@33183018
2020-11-11 11:13:51 [org.springframework.amqp.rabbit.RabbitListenerEndpointContainer#0-1] INFO  msg: >>>>> es 同步成功
2020-11-11 11:13:51 [org.springframework.amqp.rabbit.RabbitListenerEndpointContainer#0-1] INFO  msg: >>>>> mq 收到 es2 同步消息：{}[B@28a1edcf
2020-11-11 11:13:51 [org.springframework.amqp.rabbit.RabbitListenerEndpointContainer#0-1] INFO  msg: >>>>> es 同步成功
2020-11-11 11:13:51 [org.springframework.amqp.rabbit.RabbitListenerEndpointContainer#0-1] INFO  msg: >>>>> mq 收到 es2 同步消息：{}[B@22e509c6
2020-11-11 11:13:51 [org.springframework.amqp.rabbit.RabbitListenerEndpointContainer#0-1] INFO  msg: >>>>> es 同步成功
2020-11-11 11:13:51 [org.springframework.amqp.rabbit.RabbitListenerEndpointContainer#0-1] INFO  msg: >>>>> mq 收到 es2 同步消息：{}[B@2ae7f8c0
2020-11-11 11:13:51 [org.springframework.amqp.rabbit.RabbitListenerEndpointContainer#0-1] INFO  msg: >>>>> es 同步成功
2020-11-11 11:13:51 [org.springframework.amqp.rabbit.RabbitListenerEndpointContainer#0-1] INFO  msg: >>>>> mq 收到 es2 同步消息：{}[B@588d8574
2020-11-11 11:13:51 [org.springframework.amqp.rabbit.RabbitListenerEndpointContainer#0-1] INFO  msg: >>>>> es 同步成功
2020-11-11 11:13:51 [org.springframework.amqp.rabbit.RabbitListenerEndpointContainer#0-1] INFO  msg: >>>>> mq 收到 es2 同步消息：{}[B@7fe5d43f
2020-11-11 11:13:51 [org.springframework.amqp.rabbit.RabbitListenerEndpointContainer#0-1] INFO  msg: >>>>> es 同步成功
2020-11-11 11:13:51 [org.springframework.amqp.rabbit.RabbitListenerEndpointContainer#0-1] INFO  msg: >>>>> mq 收到 es2 同步消息：{}[B@75c4593c
2020-11-11 11:13:51 [org.springframework.amqp.rabbit.RabbitListenerEndpointContainer#0-1] INFO  msg: >>>>> es 同步成功
2020-11-11 11:13:51 [org.springframework.amqp.rabbit.RabbitListenerEndpointContainer#0-1] INFO  msg: >>>>> mq 收到 es2 同步消息：{}[B@60708ebc
2020-11-11 11:13:51 [org.springframework.amqp.rabbit.RabbitListenerEndpointContainer#0-1] INFO  msg: >>>>> es 同步成功
2020-11-11 11:13:51 [org.springframework.amqp.rabbit.RabbitListenerEndpointContainer#0-1] INFO  msg: >>>>> mq 收到 es2 同步消息：{}[B@54e211e3
2020-11-11 11:13:51 [org.springframework.amqp.rabbit.RabbitListenerEndpointContainer#0-1] INFO  msg: >>>>> es 同步成功
2020-11-11 11:13:51 [org.springframework.amqp.rabbit.RabbitListenerEndpointContainer#0-1] INFO  msg: >>>>> mq 收到 es2 同步消息：{}[B@577636c
2020-11-11 11:13:51 [org.springframework.amqp.rabbit.RabbitListenerEndpointContainer#0-1] INFO  msg: >>>>> es 同步成功
2020-11-11 11:13:51 [org.springframework.amqp.rabbit.RabbitListenerEndpointContainer#0-1] INFO  msg: >>>>> mq 收到 es2 同步消息：{}[B@522dd747
2020-11-11 11:13:51 [org.springframework.amqp.rabbit.RabbitListenerEndpointContainer#0-1] INFO  msg: >>>>> es 同步成功
2020-11-11 11:13:51 [org.springframework.amqp.rabbit.RabbitListenerEndpointContainer#0-1] INFO  msg: >>>>> mq 收到 es2 同步消息：{}[B@364cb6d0
2020-11-11 11:13:51 [org.springframework.amqp.rabbit.RabbitListenerEndpointContainer#0-1] INFO  msg: >>>>> es 同步成功
2020-11-11 11:13:51 [org.springframework.amqp.rabbit.RabbitListenerEndpointContainer#0-1] INFO  msg: >>>>> mq 收到 es2 同步消息：{}[B@72e5d4f3
2020-11-11 11:13:51 [org.springframework.amqp.rabbit.RabbitListenerEndpointContainer#0-1] INFO  msg: >>>>> es 同步成功
2020-11-11 11:13:51 [org.springframework.amqp.rabbit.RabbitListenerEndpointContainer#0-1] INFO  msg: >>>>> mq 收到 es2 同步消息：{}[B@4c37a5c0
2020-11-11 11:13:51 [org.springframework.amqp.rabbit.RabbitListenerEndpointContainer#0-1] INFO  msg: >>>>> es 同步成功
2020-11-11 11:13:51 [org.springframework.amqp.rabbit.RabbitListenerEndpointContainer#0-1] INFO  msg: >>>>> mq 收到 es2 同步消息：{}[B@709cd4ee
2020-11-11 11:13:51 [org.springframework.amqp.rabbit.RabbitListenerEndpointContainer#0-1] INFO  msg: >>>>> es 同步成功
2020-11-11 11:13:51 [org.springframework.amqp.rabbit.RabbitListenerEndpointContainer#0-1] INFO  msg: >>>>> mq 收到 es2 同步消息：{}[B@2335161b
2020-11-11 11:13:51 [org.springframework.amqp.rabbit.RabbitListenerEndpointContainer#0-1] INFO  msg: >>>>> es 同步成功
2020-11-11 11:13:51 [org.springframework.amqp.rabbit.RabbitListenerEndpointContainer#0-1] INFO  msg: >>>>> mq 收到 es2 同步消息：{}[B@7fab1cc2
2020-11-11 11:13:51 [org.springframework.amqp.rabbit.RabbitListenerEndpointContainer#0-1] INFO  msg: >>>>> es 同步成功
2020-11-11 11:13:51 [org.springframework.amqp.rabbit.RabbitListenerEndpointContainer#0-1] INFO  msg: >>>>> mq 收到 es2 同步消息：{}[B@e43bf52
2020-11-11 11:13:51 [org.springframework.amqp.rabbit.RabbitListenerEndpointContainer#0-1] INFO  msg: >>>>> es 同步成功
2020-11-11 11:13:51 [org.springframework.amqp.rabbit.RabbitListenerEndpointContainer#0-1] INFO  msg: >>>>> mq 收到 es2 同步消息：{}[B@18ee21d0
2020-11-11 11:13:51 [org.springframework.amqp.rabbit.RabbitListenerEndpointContainer#0-1] INFO  msg: >>>>> es 同步成功
2020-11-11 11:13:51 [org.springframework.amqp.rabbit.RabbitListenerEndpointContainer#0-1] INFO  msg: >>>>> mq 收到 es2 同步消息：{}[B@13e07918
2020-11-11 11:13:51 [org.springframework.amqp.rabbit.RabbitListenerEndpointContainer#0-1] INFO  msg: >>>>> es 同步成功
2020-11-11 11:13:51 [org.springframework.amqp.rabbit.RabbitListenerEndpointContainer#0-1] INFO  msg: >>>>> mq 收到 es2 同步消息：{}[B@340a3aaa
2020-11-11 11:13:51 [org.springframework.amqp.rabbit.RabbitListenerEndpointContainer#0-1] INFO  msg: >>>>> es 同步成功
2020-11-11 11:13:51 [org.springframework.amqp.rabbit.RabbitListenerEndpointContainer#0-1] INFO  msg: >>>>> mq 收到 es2 同步消息：{}[B@27a0ba56
2020-11-11 11:13:51 [org.springframework.amqp.rabbit.RabbitListenerEndpointContainer#0-1] INFO  msg: >>>>> es 同步成功
2020-11-11 11:13:51 [org.springframework.amqp.rabbit.RabbitListenerEndpointContainer#0-1] INFO  msg: >>>>> mq 收到 es2 同步消息：{}[B@4ea9efd3
2020-11-11 11:13:51 [org.springframework.amqp.rabbit.RabbitListenerEndpointContainer#0-1] INFO  msg: >>>>> es 同步成功
2020-11-11 11:13:51 [org.springframework.amqp.rabbit.RabbitListenerEndpointContainer#0-1] INFO  msg: >>>>> mq 收到 es2 同步消息：{}[B@5e9177a7
2020-11-11 11:13:51 [org.springframework.amqp.rabbit.RabbitListenerEndpointContainer#0-1] INFO  msg: >>>>> es 同步成功
2020-11-11 11:13:51 [org.springframework.amqp.rabbit.RabbitListenerEndpointContainer#0-1] INFO  msg: >>>>> mq 收到 es2 同步消息：{}[B@3babc9b5
2020-11-11 11:13:51 [org.springframework.amqp.rabbit.RabbitListenerEndpointContainer#0-1] INFO  msg: >>>>> es 同步成功
2020-11-11 11:13:51 [org.springframework.amqp.rabbit.RabbitListenerEndpointContainer#0-1] INFO  msg: >>>>> mq 收到 es2 同步消息：{}[B@197ba69c
2020-11-11 11:13:51 [org.springframework.amqp.rabbit.RabbitListenerEndpointContainer#0-1] INFO  msg: >>>>> es 同步成功
2020-11-11 11:13:51 [org.springframework.amqp.rabbit.RabbitListenerEndpointContainer#0-1] INFO  msg: >>>>> mq 收到 es2 同步消息：{}[B@18ad0517
2020-11-11 11:13:51 [org.springframework.amqp.rabbit.RabbitListenerEndpointContainer#0-1] INFO  msg: >>>>> es 同步成功
2020-11-11 11:13:51 [org.springframework.amqp.rabbit.RabbitListenerEndpointContainer#0-1] INFO  msg: >>>>> mq 收到 es2 同步消息：{}[B@4d5465ea
2020-11-11 11:13:51 [org.springframework.amqp.rabbit.RabbitListenerEndpointContainer#0-1] INFO  msg: >>>>> es 同步成功
2020-11-11 11:13:51 [org.springframework.amqp.rabbit.RabbitListenerEndpointContainer#0-1] INFO  msg: >>>>> mq 收到 es2 同步消息：{}[B@2857fb94
2020-11-11 11:13:51 [org.springframework.amqp.rabbit.RabbitListenerEndpointContainer#0-1] INFO  msg: >>>>> es 同步成功
2020-11-11 11:13:51 [org.springframework.amqp.rabbit.RabbitListenerEndpointContainer#0-1] INFO  msg: >>>>> mq 收到 es2 同步消息：{}[B@6cdcf744
2020-11-11 11:13:51 [org.springframework.amqp.rabbit.RabbitListenerEndpointContainer#0-1] INFO  msg: >>>>> es 同步成功
2020-11-11 11:13:51 [org.springframework.amqp.rabbit.RabbitListenerEndpointContainer#0-1] INFO  msg: >>>>> mq 收到 es2 同步消息：{}[B@1c29d275
2020-11-11 11:13:51 [org.springframework.amqp.rabbit.RabbitListenerEndpointContainer#0-1] INFO  msg: >>>>> es 同步成功
2020-11-11 11:13:51 [org.springframework.amqp.rabbit.RabbitListenerEndpointContainer#0-1] INFO  msg: >>>>> mq 收到 es2 同步消息：{}[B@723c8f2f
2020-11-11 11:13:51 [org.springframework.amqp.rabbit.RabbitListenerEndpointContainer#0-1] INFO  msg: >>>>> es 同步成功
2020-11-11 11:13:51 [org.springframework.amqp.rabbit.RabbitListenerEndpointContainer#0-1] INFO  msg: >>>>> mq 收到 es2 同步消息：{}[B@652041a7
2020-11-11 11:13:51 [org.springframework.amqp.rabbit.RabbitListenerEndpointContainer#0-1] INFO  msg: >>>>> es 同步成功
2020-11-11 11:13:51 [org.springframework.amqp.rabbit.RabbitListenerEndpointContainer#0-1] INFO  msg: >>>>> mq 收到 es2 同步消息：{}[B@6e4dfc90
2020-11-11 11:13:51 [org.springframework.amqp.rabbit.RabbitListenerEndpointContainer#0-1] INFO  msg: >>>>> es 同步成功
2020-11-11 11:13:51 [org.springframework.amqp.rabbit.RabbitListenerEndpointContainer#0-1] INFO  msg: >>>>> mq 收到 es2 同步消息：{}[B@3c253156
2020-11-11 11:13:51 [org.springframework.amqp.rabbit.RabbitListenerEndpointContainer#0-1] INFO  msg: >>>>> es 同步成功
2020-11-11 11:13:51 [org.springframework.amqp.rabbit.RabbitListenerEndpointContainer#0-1] INFO  msg: >>>>> mq 收到 es2 同步消息：{}[B@2a76940a
2020-11-11 11:13:51 [org.springframework.amqp.rabbit.RabbitListenerEndpointContainer#0-1] INFO  msg: >>>>> es 同步成功
2020-11-11 11:13:51 [org.springframework.amqp.rabbit.RabbitListenerEndpointContainer#0-1] INFO  msg: >>>>> mq 收到 es2 同步消息：{}[B@4d3cd59a
2020-11-11 11:13:51 [org.springframework.amqp.rabbit.RabbitListenerEndpointContainer#0-1] INFO  msg: >>>>> es 同步成功
2020-11-11 11:13:51 [org.springframework.amqp.rabbit.RabbitListenerEndpointContainer#0-1] INFO  msg: >>>>> mq 收到 es2 同步消息：{}[B@4c9419d1
2020-11-11 11:13:51 [org.springframework.amqp.rabbit.RabbitListenerEndpointContainer#0-1] INFO  msg: >>>>> es 同步成功
2020-11-11 11:13:51 [org.springframework.amqp.rabbit.RabbitListenerEndpointContainer#0-1] INFO  msg: >>>>> mq 收到 es2 同步消息：{}[B@59ae2e94
2020-11-11 11:13:51 [org.springframework.amqp.rabbit.RabbitListenerEndpointContainer#0-1] INFO  msg: >>>>> es 同步成功
2020-11-11 11:13:51 [org.springframework.amqp.rabbit.RabbitListenerEndpointContainer#0-1] INFO  msg: >>>>> mq 收到 es2 同步消息：{}[B@4766376f
2020-11-11 11:13:51 [org.springframework.amqp.rabbit.RabbitListenerEndpointContainer#0-1] INFO  msg: >>>>> es 同步成功
2020-11-11 11:13:51 [org.springframework.amqp.rabbit.RabbitListenerEndpointContainer#0-1] INFO  msg: >>>>> mq 收到 es2 同步消息：{}[B@6cddaa1c
2020-11-11 11:13:51 [org.springframework.amqp.rabbit.RabbitListenerEndpointContainer#0-1] INFO  msg: >>>>> es 同步成功
2020-11-11 11:13:51 [org.springframework.amqp.rabbit.RabbitListenerEndpointContainer#0-1] INFO  msg: >>>>> mq 收到 es2 同步消息：{}[B@eb6cc7
2020-11-11 11:13:51 [org.springframework.amqp.rabbit.RabbitListenerEndpointContainer#0-1] INFO  msg: >>>>> es 同步成功
2020-11-11 11:13:51 [org.springframework.amqp.rabbit.RabbitListenerEndpointContainer#0-1] INFO  msg: >>>>> mq 收到 es2 同步消息：{}[B@281938c0
2020-11-11 11:13:51 [org.springframework.amqp.rabbit.RabbitListenerEndpointContainer#0-1] INFO  msg: >>>>> es 同步成功
2020-11-11 11:13:51 [org.springframework.amqp.rabbit.RabbitListenerEndpointContainer#0-1] INFO  msg: >>>>> mq 收到 es2 同步消息：{}[B@5eb2afe3
2020-11-11 11:13:51 [org.springframework.amqp.rabbit.RabbitListenerEndpointContainer#0-1] INFO  msg: >>>>> es 同步成功
2020-11-11 11:13:51 [org.springframework.amqp.rabbit.RabbitListenerEndpointContainer#0-1] INFO  msg: >>>>> mq 收到 es2 同步消息：{}[B@5fbe6363
2020-11-11 11:13:51 [org.springframework.amqp.rabbit.RabbitListenerEndpointContainer#0-1] INFO  msg: >>>>> es 同步成功
2020-11-11 11:13:51 [org.springframework.amqp.rabbit.RabbitListenerEndpointContainer#0-1] INFO  msg: >>>>> mq 收到 es2 同步消息：{}[B@468a107
2020-11-11 11:13:51 [org.springframework.amqp.rabbit.RabbitListenerEndpointContainer#0-1] INFO  msg: >>>>> es 同步成功
2020-11-11 11:13:51 [org.springframework.amqp.rabbit.RabbitListenerEndpointContainer#0-1] INFO  msg: >>>>> mq 收到 es2 同步消息：{}[B@65565672
2020-11-11 11:13:51 [org.springframework.amqp.rabbit.RabbitListenerEndpointContainer#0-1] INFO  msg: >>>>> es 同步成功
2020-11-11 11:13:51 [org.springframework.amqp.rabbit.RabbitListenerEndpointContainer#0-1] INFO  msg: >>>>> mq 收到 es2 同步消息：{}[B@2e50208c
2020-11-11 11:13:51 [org.springframework.amqp.rabbit.RabbitListenerEndpointContainer#0-1] INFO  msg: >>>>> es 同步成功
2020-11-11 11:13:51 [org.springframework.amqp.rabbit.RabbitListenerEndpointContainer#0-1] INFO  msg: >>>>> mq 收到 es2 同步消息：{}[B@2d9eb5e
2020-11-11 11:13:51 [org.springframework.amqp.rabbit.RabbitListenerEndpointContainer#0-1] INFO  msg: >>>>> es 同步成功
2020-11-11 11:13:51 [org.springframework.amqp.rabbit.RabbitListenerEndpointContainer#0-1] INFO  msg: >>>>> mq 收到 es2 同步消息：{}[B@4378029b
2020-11-11 11:13:51 [org.springframework.amqp.rabbit.RabbitListenerEndpointContainer#0-1] INFO  msg: >>>>> es 同步成功
2020-11-11 11:13:51 [org.springframework.amqp.rabbit.RabbitListenerEndpointContainer#0-1] INFO  msg: >>>>> mq 收到 es2 同步消息：{}[B@144a2940
2020-11-11 11:13:51 [org.springframework.amqp.rabbit.RabbitListenerEndpointContainer#0-1] INFO  msg: >>>>> es 同步成功
2020-11-11 11:13:51 [org.springframework.amqp.rabbit.RabbitListenerEndpointContainer#0-1] INFO  msg: >>>>> mq 收到 es2 同步消息：{}[B@3b312f05
2020-11-11 11:13:51 [org.springframework.amqp.rabbit.RabbitListenerEndpointContainer#0-1] INFO  msg: >>>>> es 同步成功
2020-11-11 11:13:51 [org.springframework.amqp.rabbit.RabbitListenerEndpointContainer#0-1] INFO  msg: >>>>> mq 收到 es2 同步消息：{}[B@76ffa026
2020-11-11 11:13:51 [org.springframework.amqp.rabbit.RabbitListenerEndpointContainer#0-1] INFO  msg: >>>>> es 同步成功
2020-11-11 11:13:51 [org.springframework.amqp.rabbit.RabbitListenerEndpointContainer#0-1] INFO  msg: >>>>> mq 收到 es2 同步消息：{}[B@751008b8
2020-11-11 11:13:51 [org.springframework.amqp.rabbit.RabbitListenerEndpointContainer#0-1] INFO  msg: >>>>> es 同步成功
2020-11-11 11:13:51 [org.springframework.amqp.rabbit.RabbitListenerEndpointContainer#0-1] INFO  msg: >>>>> mq 收到 es2 同步消息：{}[B@30d52f73
2020-11-11 11:13:51 [org.springframework.amqp.rabbit.RabbitListenerEndpointContainer#0-1] INFO  msg: >>>>> es 同步成功
2020-11-11 11:13:51 [org.springframework.amqp.rabbit.RabbitListenerEndpointContainer#0-1] INFO  msg: >>>>> mq 收到 es2 同步消息：{}[B@2ae776b
2020-11-11 11:13:51 [org.springframework.amqp.rabbit.RabbitListenerEndpointContainer#0-1] INFO  msg: >>>>> es 同步成功
2020-11-11 11:13:51 [org.springframework.amqp.rabbit.RabbitListenerEndpointContainer#0-1] INFO  msg: >>>>> mq 收到 es2 同步消息：{}[B@95b0988
2020-11-11 11:13:51 [org.springframework.amqp.rabbit.RabbitListenerEndpointContainer#0-1] INFO  msg: >>>>> es 同步成功
2020-11-11 11:13:51 [org.springframework.amqp.rabbit.RabbitListenerEndpointContainer#0-1] INFO  msg: >>>>> mq 收到 es2 同步消息：{}[B@7cfb85d3
2020-11-11 11:13:51 [org.springframework.amqp.rabbit.RabbitListenerEndpointContainer#0-1] INFO  msg: >>>>> es 同步成功
2020-11-11 11:13:51 [org.springframework.amqp.rabbit.RabbitListenerEndpointContainer#0-1] INFO  msg: >>>>> mq 收到 es2 同步消息：{}[B@654c9388
2020-11-11 11:13:51 [org.springframework.amqp.rabbit.RabbitListenerEndpointContainer#0-1] INFO  msg: >>>>> es 同步成功
2020-11-11 11:13:51 [org.springframework.amqp.rabbit.RabbitListenerEndpointContainer#0-1] INFO  msg: >>>>> mq 收到 es2 同步消息：{}[B@14a8a565
2020-11-11 11:13:51 [org.springframework.amqp.rabbit.RabbitListenerEndpointContainer#0-1] INFO  msg: >>>>> es 同步成功
2020-11-11 11:13:51 [org.springframework.amqp.rabbit.RabbitListenerEndpointContainer#0-1] INFO  msg: >>>>> mq 收到 es2 同步消息：{}[B@45eee931
2020-11-11 11:13:51 [org.springframework.amqp.rabbit.RabbitListenerEndpointContainer#0-1] INFO  msg: >>>>> es 同步成功
2020-11-11 11:13:51 [org.springframework.amqp.rabbit.RabbitListenerEndpointContainer#0-1] INFO  msg: >>>>> mq 收到 es2 同步消息：{}[B@659b3942
2020-11-11 11:13:51 [org.springframework.amqp.rabbit.RabbitListenerEndpointContainer#0-1] INFO  msg: >>>>> es 同步成功
2020-11-11 11:13:51 [org.springframework.amqp.rabbit.RabbitListenerEndpointContainer#0-1] INFO  msg: >>>>> mq 收到 es2 同步消息：{}[B@644a36aa
2020-11-11 11:13:51 [org.springframework.amqp.rabbit.RabbitListenerEndpointContainer#0-1] INFO  msg: >>>>> es 同步成功
2020-11-11 11:13:51 [org.springframework.amqp.rabbit.RabbitListenerEndpointContainer#0-1] INFO  msg: >>>>> mq 收到 es2 同步消息：{}[B@351834cb
2020-11-11 11:13:51 [org.springframework.amqp.rabbit.RabbitListenerEndpointContainer#0-1] INFO  msg: >>>>> es 同步成功
2020-11-11 11:13:51 [org.springframework.amqp.rabbit.RabbitListenerEndpointContainer#0-1] INFO  msg: >>>>> mq 收到 es2 同步消息：{}[B@70de438
2020-11-11 11:13:51 [org.springframework.amqp.rabbit.RabbitListenerEndpointContainer#0-1] INFO  msg: >>>>> es 同步成功
2020-11-11 11:13:51 [org.springframework.amqp.rabbit.RabbitListenerEndpointContainer#0-1] INFO  msg: >>>>> mq 收到 es2 同步消息：{}[B@3be09cb2
2020-11-11 11:13:51 [org.springframework.amqp.rabbit.RabbitListenerEndpointContainer#0-1] INFO  msg: >>>>> es 同步成功
2020-11-11 11:13:51 [org.springframework.amqp.rabbit.RabbitListenerEndpointContainer#0-1] INFO  msg: >>>>> mq 收到 es2 同步消息：{}[B@e2a1202
2020-11-11 11:13:51 [org.springframework.amqp.rabbit.RabbitListenerEndpointContainer#0-1] INFO  msg: >>>>> es 同步成功
2020-11-11 11:13:51 [org.springframework.amqp.rabbit.RabbitListenerEndpointContainer#0-1] INFO  msg: >>>>> mq 收到 es2 同步消息：{}[B@7ae0d160
2020-11-11 11:13:51 [org.springframework.amqp.rabbit.RabbitListenerEndpointContainer#0-1] INFO  msg: >>>>> es 同步成功
2020-11-11 11:13:51 [org.springframework.amqp.rabbit.RabbitListenerEndpointContainer#0-1] INFO  msg: >>>>> mq 收到 es2 同步消息：{}[B@12a4c620
2020-11-11 11:13:51 [org.springframework.amqp.rabbit.RabbitListenerEndpointContainer#0-1] INFO  msg: >>>>> es 同步成功
2020-11-11 11:13:51 [org.springframework.amqp.rabbit.RabbitListenerEndpointContainer#0-1] INFO  msg: >>>>> mq 收到 es2 同步消息：{}[B@2d1eddca
2020-11-11 11:13:51 [org.springframework.amqp.rabbit.RabbitListenerEndpointContainer#0-1] INFO  msg: >>>>> es 同步成功
2020-11-11 11:13:51 [org.springframework.amqp.rabbit.RabbitListenerEndpointContainer#0-1] INFO  msg: >>>>> mq 收到 es2 同步消息：{}[B@737a6069
2020-11-11 11:13:51 [org.springframework.amqp.rabbit.RabbitListenerEndpointContainer#0-1] INFO  msg: >>>>> es 同步成功
2020-11-11 11:13:51 [org.springframework.amqp.rabbit.RabbitListenerEndpointContainer#0-1] INFO  msg: >>>>> mq 收到 es2 同步消息：{}[B@fedc4b7
2020-11-11 11:13:51 [org.springframework.amqp.rabbit.RabbitListenerEndpointContainer#0-1] INFO  msg: >>>>> es 同步成功
2020-11-11 11:13:51 [org.springframework.amqp.rabbit.RabbitListenerEndpointContainer#0-1] INFO  msg: >>>>> mq 收到 es2 同步消息：{}[B@3bcc96ac
2020-11-11 11:13:51 [org.springframework.amqp.rabbit.RabbitListenerEndpointContainer#0-1] INFO  msg: >>>>> es 同步成功
2020-11-11 11:13:51 [org.springframework.amqp.rabbit.RabbitListenerEndpointContainer#0-1] INFO  msg: >>>>> mq 收到 es2 同步消息：{}[B@60e7fc92
2020-11-11 11:13:51 [org.springframework.amqp.rabbit.RabbitListenerEndpointContainer#0-1] INFO  msg: >>>>> es 同步成功
2020-11-11 11:13:51 [org.springframework.amqp.rabbit.RabbitListenerEndpointContainer#0-1] INFO  msg: >>>>> mq 收到 es2 同步消息：{}[B@40bea1cf
2020-11-11 11:13:51 [org.springframework.amqp.rabbit.RabbitListenerEndpointContainer#0-1] INFO  msg: >>>>> es 同步成功
2020-11-11 11:13:51 [org.springframework.amqp.rabbit.RabbitListenerEndpointContainer#0-1] INFO  msg: >>>>> mq 收到 es2 同步消息：{}[B@21171d13
2020-11-11 11:13:51 [org.springframework.amqp.rabbit.RabbitListenerEndpointContainer#0-1] INFO  msg: >>>>> es 同步成功
2020-11-11 11:13:51 [org.springframework.amqp.rabbit.RabbitListenerEndpointContainer#0-1] INFO  msg: >>>>> mq 收到 es2 同步消息：{}[B@7eb1966b
2020-11-11 11:13:51 [org.springframework.amqp.rabbit.RabbitListenerEndpointContainer#0-1] INFO  msg: >>>>> es 同步成功
2020-11-11 11:13:51 [org.springframework.amqp.rabbit.RabbitListenerEndpointContainer#0-1] INFO  msg: >>>>> mq 收到 es2 同步消息：{}[B@21ede643
2020-11-11 11:13:51 [org.springframework.amqp.rabbit.RabbitListenerEndpointContainer#0-1] INFO  msg: >>>>> es 同步成功
2020-11-11 11:15:22 [org.springframework.amqp.rabbit.RabbitListenerEndpointContainer#0-1] INFO  msg: >>>>> mq 收到 es2 同步消息：{}this is a new blog0
2020-11-11 11:15:22 [org.springframework.amqp.rabbit.RabbitListenerEndpointContainer#0-1] INFO  msg: >>>>> es 同步成功
2020-11-11 11:15:22 [org.springframework.amqp.rabbit.RabbitListenerEndpointContainer#0-1] INFO  msg: >>>>> mq 收到 es2 同步消息：{}this is a new blog1
2020-11-11 11:15:22 [org.springframework.amqp.rabbit.RabbitListenerEndpointContainer#0-1] INFO  msg: >>>>> es 同步成功
2020-11-11 11:15:22 [org.springframework.amqp.rabbit.RabbitListenerEndpointContainer#0-1] INFO  msg: >>>>> mq 收到 es2 同步消息：{}this is a new blog2
2020-11-11 11:15:22 [org.springframework.amqp.rabbit.RabbitListenerEndpointContainer#0-1] INFO  msg: >>>>> es 同步成功
2020-11-11 11:15:22 [org.springframework.amqp.rabbit.RabbitListenerEndpointContainer#0-1] INFO  msg: >>>>> mq 收到 es2 同步消息：{}this is a new blog3
2020-11-11 11:15:22 [org.springframework.amqp.rabbit.RabbitListenerEndpointContainer#0-1] INFO  msg: >>>>> es 同步成功
2020-11-11 11:15:22 [org.springframework.amqp.rabbit.RabbitListenerEndpointContainer#0-1] INFO  msg: >>>>> mq 收到 es2 同步消息：{}this is a new blog4
2020-11-11 11:15:22 [org.springframework.amqp.rabbit.RabbitListenerEndpointContainer#0-1] INFO  msg: >>>>> es 同步成功
2020-11-11 11:15:22 [org.springframework.amqp.rabbit.RabbitListenerEndpointContainer#0-1] INFO  msg: >>>>> mq 收到 es2 同步消息：{}this is a new blog5
2020-11-11 11:15:22 [org.springframework.amqp.rabbit.RabbitListenerEndpointContainer#0-1] INFO  msg: >>>>> es 同步成功
2020-11-11 11:15:22 [org.springframework.amqp.rabbit.RabbitListenerEndpointContainer#0-1] INFO  msg: >>>>> mq 收到 es2 同步消息：{}this is a new blog6
2020-11-11 11:15:22 [org.springframework.amqp.rabbit.RabbitListenerEndpointContainer#0-1] INFO  msg: >>>>> es 同步成功
2020-11-11 11:15:22 [org.springframework.amqp.rabbit.RabbitListenerEndpointContainer#0-1] INFO  msg: >>>>> mq 收到 es2 同步消息：{}this is a new blog7
2020-11-11 11:15:22 [org.springframework.amqp.rabbit.RabbitListenerEndpointContainer#0-1] INFO  msg: >>>>> es 同步成功
2020-11-11 11:15:22 [org.springframework.amqp.rabbit.RabbitListenerEndpointContainer#0-1] INFO  msg: >>>>> mq 收到 es2 同步消息：{}this is a new blog8
2020-11-11 11:15:22 [org.springframework.amqp.rabbit.RabbitListenerEndpointContainer#0-1] INFO  msg: >>>>> es 同步成功
2020-11-11 11:15:22 [org.springframework.amqp.rabbit.RabbitListenerEndpointContainer#0-1] INFO  msg: >>>>> mq 收到 es2 同步消息：{}this is a new blog9
2020-11-11 11:15:22 [org.springframework.amqp.rabbit.RabbitListenerEndpointContainer#0-1] INFO  msg: >>>>> es 同步成功
2020-11-11 11:15:22 [org.springframework.amqp.rabbit.RabbitListenerEndpointContainer#0-1] INFO  msg: >>>>> mq 收到 es2 同步消息：{}this is a new blog10
2020-11-11 11:15:22 [org.springframework.amqp.rabbit.RabbitListenerEndpointContainer#0-1] INFO  msg: >>>>> es 同步成功
2020-11-11 11:15:22 [org.springframework.amqp.rabbit.RabbitListenerEndpointContainer#0-1] INFO  msg: >>>>> mq 收到 es2 同步消息：{}this is a new blog11
2020-11-11 11:15:22 [org.springframework.amqp.rabbit.RabbitListenerEndpointContainer#0-1] INFO  msg: >>>>> es 同步成功
2020-11-11 11:15:22 [org.springframework.amqp.rabbit.RabbitListenerEndpointContainer#0-1] INFO  msg: >>>>> mq 收到 es2 同步消息：{}this is a new blog12
2020-11-11 11:15:22 [org.springframework.amqp.rabbit.RabbitListenerEndpointContainer#0-1] INFO  msg: >>>>> es 同步成功
2020-11-11 11:15:22 [org.springframework.amqp.rabbit.RabbitListenerEndpointContainer#0-1] INFO  msg: >>>>> mq 收到 es2 同步消息：{}this is a new blog13
2020-11-11 11:15:22 [org.springframework.amqp.rabbit.RabbitListenerEndpointContainer#0-1] INFO  msg: >>>>> es 同步成功
2020-11-11 11:15:22 [org.springframework.amqp.rabbit.RabbitListenerEndpointContainer#0-1] INFO  msg: >>>>> mq 收到 es2 同步消息：{}this is a new blog14
2020-11-11 11:15:22 [org.springframework.amqp.rabbit.RabbitListenerEndpointContainer#0-1] INFO  msg: >>>>> es 同步成功
2020-11-11 11:15:22 [org.springframework.amqp.rabbit.RabbitListenerEndpointContainer#0-1] INFO  msg: >>>>> mq 收到 es2 同步消息：{}this is a new blog15
2020-11-11 11:15:22 [org.springframework.amqp.rabbit.RabbitListenerEndpointContainer#0-1] INFO  msg: >>>>> es 同步成功
2020-11-11 11:15:22 [org.springframework.amqp.rabbit.RabbitListenerEndpointContainer#0-1] INFO  msg: >>>>> mq 收到 es2 同步消息：{}this is a new blog16
2020-11-11 11:15:22 [org.springframework.amqp.rabbit.RabbitListenerEndpointContainer#0-1] INFO  msg: >>>>> es 同步成功
2020-11-11 11:15:22 [org.springframework.amqp.rabbit.RabbitListenerEndpointContainer#0-1] INFO  msg: >>>>> mq 收到 es2 同步消息：{}this is a new blog17
2020-11-11 11:15:22 [org.springframework.amqp.rabbit.RabbitListenerEndpointContainer#0-1] INFO  msg: >>>>> es 同步成功
2020-11-11 11:15:22 [org.springframework.amqp.rabbit.RabbitListenerEndpointContainer#0-1] INFO  msg: >>>>> mq 收到 es2 同步消息：{}this is a new blog18
2020-11-11 11:15:22 [org.springframework.amqp.rabbit.RabbitListenerEndpointContainer#0-1] INFO  msg: >>>>> es 同步成功
2020-11-11 11:15:22 [org.springframework.amqp.rabbit.RabbitListenerEndpointContainer#0-1] INFO  msg: >>>>> mq 收到 es2 同步消息：{}this is a new blog19
2020-11-11 11:15:22 [org.springframework.amqp.rabbit.RabbitListenerEndpointContainer#0-1] INFO  msg: >>>>> es 同步成功
2020-11-11 11:15:22 [org.springframework.amqp.rabbit.RabbitListenerEndpointContainer#0-1] INFO  msg: >>>>> mq 收到 es2 同步消息：{}this is a new blog20
2020-11-11 11:15:22 [org.springframework.amqp.rabbit.RabbitListenerEndpointContainer#0-1] INFO  msg: >>>>> es 同步成功
2020-11-11 11:15:22 [org.springframework.amqp.rabbit.RabbitListenerEndpointContainer#0-1] INFO  msg: >>>>> mq 收到 es2 同步消息：{}this is a new blog21
2020-11-11 11:15:22 [org.springframework.amqp.rabbit.RabbitListenerEndpointContainer#0-1] INFO  msg: >>>>> es 同步成功
2020-11-11 11:15:22 [org.springframework.amqp.rabbit.RabbitListenerEndpointContainer#0-1] INFO  msg: >>>>> mq 收到 es2 同步消息：{}this is a new blog22
2020-11-11 11:15:22 [org.springframework.amqp.rabbit.RabbitListenerEndpointContainer#0-1] INFO  msg: >>>>> es 同步成功
2020-11-11 11:15:22 [org.springframework.amqp.rabbit.RabbitListenerEndpointContainer#0-1] INFO  msg: >>>>> mq 收到 es2 同步消息：{}this is a new blog23
2020-11-11 11:15:22 [org.springframework.amqp.rabbit.RabbitListenerEndpointContainer#0-1] INFO  msg: >>>>> es 同步成功
2020-11-11 11:15:22 [org.springframework.amqp.rabbit.RabbitListenerEndpointContainer#0-1] INFO  msg: >>>>> mq 收到 es2 同步消息：{}this is a new blog24
2020-11-11 11:15:22 [org.springframework.amqp.rabbit.RabbitListenerEndpointContainer#0-1] INFO  msg: >>>>> es 同步成功
2020-11-11 11:15:22 [org.springframework.amqp.rabbit.RabbitListenerEndpointContainer#0-1] INFO  msg: >>>>> mq 收到 es2 同步消息：{}this is a new blog25
2020-11-11 11:15:22 [org.springframework.amqp.rabbit.RabbitListenerEndpointContainer#0-1] INFO  msg: >>>>> es 同步成功
2020-11-11 11:15:22 [org.springframework.amqp.rabbit.RabbitListenerEndpointContainer#0-1] INFO  msg: >>>>> mq 收到 es2 同步消息：{}this is a new blog26
2020-11-11 11:15:22 [org.springframework.amqp.rabbit.RabbitListenerEndpointContainer#0-1] INFO  msg: >>>>> es 同步成功
2020-11-11 11:15:22 [org.springframework.amqp.rabbit.RabbitListenerEndpointContainer#0-1] INFO  msg: >>>>> mq 收到 es2 同步消息：{}this is a new blog27
2020-11-11 11:15:22 [org.springframework.amqp.rabbit.RabbitListenerEndpointContainer#0-1] INFO  msg: >>>>> es 同步成功
2020-11-11 11:15:22 [org.springframework.amqp.rabbit.RabbitListenerEndpointContainer#0-1] INFO  msg: >>>>> mq 收到 es2 同步消息：{}this is a new blog28
2020-11-11 11:15:22 [org.springframework.amqp.rabbit.RabbitListenerEndpointContainer#0-1] INFO  msg: >>>>> es 同步成功
2020-11-11 11:15:22 [org.springframework.amqp.rabbit.RabbitListenerEndpointContainer#0-1] INFO  msg: >>>>> mq 收到 es2 同步消息：{}this is a new blog29
2020-11-11 11:15:22 [org.springframework.amqp.rabbit.RabbitListenerEndpointContainer#0-1] INFO  msg: >>>>> es 同步成功
2020-11-11 11:15:22 [org.springframework.amqp.rabbit.RabbitListenerEndpointContainer#0-1] INFO  msg: >>>>> mq 收到 es2 同步消息：{}this is a new blog30
2020-11-11 11:15:22 [org.springframework.amqp.rabbit.RabbitListenerEndpointContainer#0-1] INFO  msg: >>>>> es 同步成功
2020-11-11 11:15:22 [org.springframework.amqp.rabbit.RabbitListenerEndpointContainer#0-1] INFO  msg: >>>>> mq 收到 es2 同步消息：{}this is a new blog31
2020-11-11 11:15:22 [org.springframework.amqp.rabbit.RabbitListenerEndpointContainer#0-1] INFO  msg: >>>>> es 同步成功
2020-11-11 11:15:22 [org.springframework.amqp.rabbit.RabbitListenerEndpointContainer#0-1] INFO  msg: >>>>> mq 收到 es2 同步消息：{}this is a new blog32
2020-11-11 11:15:22 [org.springframework.amqp.rabbit.RabbitListenerEndpointContainer#0-1] INFO  msg: >>>>> es 同步成功
2020-11-11 11:15:22 [org.springframework.amqp.rabbit.RabbitListenerEndpointContainer#0-1] INFO  msg: >>>>> mq 收到 es2 同步消息：{}this is a new blog33
2020-11-11 11:15:22 [org.springframework.amqp.rabbit.RabbitListenerEndpointContainer#0-1] INFO  msg: >>>>> es 同步成功
2020-11-11 11:15:22 [org.springframework.amqp.rabbit.RabbitListenerEndpointContainer#0-1] INFO  msg: >>>>> mq 收到 es2 同步消息：{}this is a new blog34
2020-11-11 11:15:22 [org.springframework.amqp.rabbit.RabbitListenerEndpointContainer#0-1] INFO  msg: >>>>> es 同步成功
2020-11-11 11:15:22 [org.springframework.amqp.rabbit.RabbitListenerEndpointContainer#0-1] INFO  msg: >>>>> mq 收到 es2 同步消息：{}this is a new blog35
2020-11-11 11:15:22 [org.springframework.amqp.rabbit.RabbitListenerEndpointContainer#0-1] INFO  msg: >>>>> es 同步成功
2020-11-11 11:15:22 [org.springframework.amqp.rabbit.RabbitListenerEndpointContainer#0-1] INFO  msg: >>>>> mq 收到 es2 同步消息：{}this is a new blog36
2020-11-11 11:15:22 [org.springframework.amqp.rabbit.RabbitListenerEndpointContainer#0-1] INFO  msg: >>>>> es 同步成功
2020-11-11 11:15:22 [org.springframework.amqp.rabbit.RabbitListenerEndpointContainer#0-1] INFO  msg: >>>>> mq 收到 es2 同步消息：{}this is a new blog37
2020-11-11 11:15:22 [org.springframework.amqp.rabbit.RabbitListenerEndpointContainer#0-1] INFO  msg: >>>>> es 同步成功
2020-11-11 11:15:22 [org.springframework.amqp.rabbit.RabbitListenerEndpointContainer#0-1] INFO  msg: >>>>> mq 收到 es2 同步消息：{}this is a new blog38
2020-11-11 11:15:22 [org.springframework.amqp.rabbit.RabbitListenerEndpointContainer#0-1] INFO  msg: >>>>> es 同步成功
2020-11-11 11:15:22 [org.springframework.amqp.rabbit.RabbitListenerEndpointContainer#0-1] INFO  msg: >>>>> mq 收到 es2 同步消息：{}this is a new blog39
2020-11-11 11:15:22 [org.springframework.amqp.rabbit.RabbitListenerEndpointContainer#0-1] INFO  msg: >>>>> es 同步成功
2020-11-11 11:15:22 [org.springframework.amqp.rabbit.RabbitListenerEndpointContainer#0-1] INFO  msg: >>>>> mq 收到 es2 同步消息：{}this is a new blog40
2020-11-11 11:15:22 [org.springframework.amqp.rabbit.RabbitListenerEndpointContainer#0-1] INFO  msg: >>>>> es 同步成功
2020-11-11 11:15:22 [org.springframework.amqp.rabbit.RabbitListenerEndpointContainer#0-1] INFO  msg: >>>>> mq 收到 es2 同步消息：{}this is a new blog41
2020-11-11 11:15:22 [org.springframework.amqp.rabbit.RabbitListenerEndpointContainer#0-1] INFO  msg: >>>>> es 同步成功
2020-11-11 11:15:22 [org.springframework.amqp.rabbit.RabbitListenerEndpointContainer#0-1] INFO  msg: >>>>> mq 收到 es2 同步消息：{}this is a new blog42
2020-11-11 11:15:22 [org.springframework.amqp.rabbit.RabbitListenerEndpointContainer#0-1] INFO  msg: >>>>> es 同步成功
2020-11-11 11:15:22 [org.springframework.amqp.rabbit.RabbitListenerEndpointContainer#0-1] INFO  msg: >>>>> mq 收到 es2 同步消息：{}this is a new blog43
2020-11-11 11:15:22 [org.springframework.amqp.rabbit.RabbitListenerEndpointContainer#0-1] INFO  msg: >>>>> es 同步成功
2020-11-11 11:15:22 [org.springframework.amqp.rabbit.RabbitListenerEndpointContainer#0-1] INFO  msg: >>>>> mq 收到 es2 同步消息：{}this is a new blog44
2020-11-11 11:15:22 [org.springframework.amqp.rabbit.RabbitListenerEndpointContainer#0-1] INFO  msg: >>>>> es 同步成功
2020-11-11 11:15:22 [org.springframework.amqp.rabbit.RabbitListenerEndpointContainer#0-1] INFO  msg: >>>>> mq 收到 es2 同步消息：{}this is a new blog45
2020-11-11 11:15:22 [org.springframework.amqp.rabbit.RabbitListenerEndpointContainer#0-1] INFO  msg: >>>>> es 同步成功
2020-11-11 11:15:22 [org.springframework.amqp.rabbit.RabbitListenerEndpointContainer#0-1] INFO  msg: >>>>> mq 收到 es2 同步消息：{}this is a new blog46
2020-11-11 11:15:22 [org.springframework.amqp.rabbit.RabbitListenerEndpointContainer#0-1] INFO  msg: >>>>> es 同步成功
2020-11-11 11:15:22 [org.springframework.amqp.rabbit.RabbitListenerEndpointContainer#0-1] INFO  msg: >>>>> mq 收到 es2 同步消息：{}this is a new blog47
2020-11-11 11:15:22 [org.springframework.amqp.rabbit.RabbitListenerEndpointContainer#0-1] INFO  msg: >>>>> es 同步成功
2020-11-11 11:15:22 [org.springframework.amqp.rabbit.RabbitListenerEndpointContainer#0-1] INFO  msg: >>>>> mq 收到 es2 同步消息：{}this is a new blog48
2020-11-11 11:15:22 [org.springframework.amqp.rabbit.RabbitListenerEndpointContainer#0-1] INFO  msg: >>>>> es 同步成功
2020-11-11 11:15:22 [org.springframework.amqp.rabbit.RabbitListenerEndpointContainer#0-1] INFO  msg: >>>>> mq 收到 es2 同步消息：{}this is a new blog49
2020-11-11 11:15:22 [org.springframework.amqp.rabbit.RabbitListenerEndpointContainer#0-1] INFO  msg: >>>>> es 同步成功
2020-11-11 11:15:22 [org.springframework.amqp.rabbit.RabbitListenerEndpointContainer#0-1] INFO  msg: >>>>> mq 收到 es2 同步消息：{}this is a new blog50
2020-11-11 11:15:22 [org.springframework.amqp.rabbit.RabbitListenerEndpointContainer#0-1] INFO  msg: >>>>> es 同步成功
2020-11-11 11:15:22 [org.springframework.amqp.rabbit.RabbitListenerEndpointContainer#0-1] INFO  msg: >>>>> mq 收到 es2 同步消息：{}this is a new blog51
2020-11-11 11:15:22 [org.springframework.amqp.rabbit.RabbitListenerEndpointContainer#0-1] INFO  msg: >>>>> es 同步成功
2020-11-11 11:15:22 [org.springframework.amqp.rabbit.RabbitListenerEndpointContainer#0-1] INFO  msg: >>>>> mq 收到 es2 同步消息：{}this is a new blog52
2020-11-11 11:15:22 [org.springframework.amqp.rabbit.RabbitListenerEndpointContainer#0-1] INFO  msg: >>>>> es 同步成功
2020-11-11 11:15:22 [org.springframework.amqp.rabbit.RabbitListenerEndpointContainer#0-1] INFO  msg: >>>>> mq 收到 es2 同步消息：{}this is a new blog53
2020-11-11 11:15:22 [org.springframework.amqp.rabbit.RabbitListenerEndpointContainer#0-1] INFO  msg: >>>>> es 同步成功
2020-11-11 11:15:22 [org.springframework.amqp.rabbit.RabbitListenerEndpointContainer#0-1] INFO  msg: >>>>> mq 收到 es2 同步消息：{}this is a new blog54
2020-11-11 11:15:22 [org.springframework.amqp.rabbit.RabbitListenerEndpointContainer#0-1] INFO  msg: >>>>> es 同步成功
2020-11-11 11:15:22 [org.springframework.amqp.rabbit.RabbitListenerEndpointContainer#0-1] INFO  msg: >>>>> mq 收到 es2 同步消息：{}this is a new blog55
2020-11-11 11:15:22 [org.springframework.amqp.rabbit.RabbitListenerEndpointContainer#0-1] INFO  msg: >>>>> es 同步成功
2020-11-11 11:15:22 [org.springframework.amqp.rabbit.RabbitListenerEndpointContainer#0-1] INFO  msg: >>>>> mq 收到 es2 同步消息：{}this is a new blog56
2020-11-11 11:15:22 [org.springframework.amqp.rabbit.RabbitListenerEndpointContainer#0-1] INFO  msg: >>>>> es 同步成功
2020-11-11 11:15:22 [org.springframework.amqp.rabbit.RabbitListenerEndpointContainer#0-1] INFO  msg: >>>>> mq 收到 es2 同步消息：{}this is a new blog57
2020-11-11 11:15:22 [org.springframework.amqp.rabbit.RabbitListenerEndpointContainer#0-1] INFO  msg: >>>>> es 同步成功
2020-11-11 11:15:22 [org.springframework.amqp.rabbit.RabbitListenerEndpointContainer#0-1] INFO  msg: >>>>> mq 收到 es2 同步消息：{}this is a new blog58
2020-11-11 11:15:22 [org.springframework.amqp.rabbit.RabbitListenerEndpointContainer#0-1] INFO  msg: >>>>> es 同步成功
2020-11-11 11:15:22 [org.springframework.amqp.rabbit.RabbitListenerEndpointContainer#0-1] INFO  msg: >>>>> mq 收到 es2 同步消息：{}this is a new blog59
2020-11-11 11:15:22 [org.springframework.amqp.rabbit.RabbitListenerEndpointContainer#0-1] INFO  msg: >>>>> es 同步成功
2020-11-11 11:15:22 [org.springframework.amqp.rabbit.RabbitListenerEndpointContainer#0-1] INFO  msg: >>>>> mq 收到 es2 同步消息：{}this is a new blog60
2020-11-11 11:15:22 [org.springframework.amqp.rabbit.RabbitListenerEndpointContainer#0-1] INFO  msg: >>>>> es 同步成功
2020-11-11 11:15:22 [org.springframework.amqp.rabbit.RabbitListenerEndpointContainer#0-1] INFO  msg: >>>>> mq 收到 es2 同步消息：{}this is a new blog61
2020-11-11 11:15:22 [org.springframework.amqp.rabbit.RabbitListenerEndpointContainer#0-1] INFO  msg: >>>>> es 同步成功
2020-11-11 11:15:22 [org.springframework.amqp.rabbit.RabbitListenerEndpointContainer#0-1] INFO  msg: >>>>> mq 收到 es2 同步消息：{}this is a new blog62
2020-11-11 11:15:22 [org.springframework.amqp.rabbit.RabbitListenerEndpointContainer#0-1] INFO  msg: >>>>> es 同步成功
2020-11-11 11:15:22 [org.springframework.amqp.rabbit.RabbitListenerEndpointContainer#0-1] INFO  msg: >>>>> mq 收到 es2 同步消息：{}this is a new blog63
2020-11-11 11:15:22 [org.springframework.amqp.rabbit.RabbitListenerEndpointContainer#0-1] INFO  msg: >>>>> es 同步成功
2020-11-11 11:15:22 [org.springframework.amqp.rabbit.RabbitListenerEndpointContainer#0-1] INFO  msg: >>>>> mq 收到 es2 同步消息：{}this is a new blog64
2020-11-11 11:15:22 [org.springframework.amqp.rabbit.RabbitListenerEndpointContainer#0-1] INFO  msg: >>>>> es 同步成功
2020-11-11 11:15:22 [org.springframework.amqp.rabbit.RabbitListenerEndpointContainer#0-1] INFO  msg: >>>>> mq 收到 es2 同步消息：{}this is a new blog65
2020-11-11 11:15:22 [org.springframework.amqp.rabbit.RabbitListenerEndpointContainer#0-1] INFO  msg: >>>>> es 同步成功
2020-11-11 11:15:22 [org.springframework.amqp.rabbit.RabbitListenerEndpointContainer#0-1] INFO  msg: >>>>> mq 收到 es2 同步消息：{}this is a new blog66
2020-11-11 11:15:22 [org.springframework.amqp.rabbit.RabbitListenerEndpointContainer#0-1] INFO  msg: >>>>> es 同步成功
2020-11-11 11:15:22 [org.springframework.amqp.rabbit.RabbitListenerEndpointContainer#0-1] INFO  msg: >>>>> mq 收到 es2 同步消息：{}this is a new blog67
2020-11-11 11:15:22 [org.springframework.amqp.rabbit.RabbitListenerEndpointContainer#0-1] INFO  msg: >>>>> es 同步成功
2020-11-11 11:15:22 [org.springframework.amqp.rabbit.RabbitListenerEndpointContainer#0-1] INFO  msg: >>>>> mq 收到 es2 同步消息：{}this is a new blog68
2020-11-11 11:15:22 [org.springframework.amqp.rabbit.RabbitListenerEndpointContainer#0-1] INFO  msg: >>>>> es 同步成功
2020-11-11 11:15:22 [org.springframework.amqp.rabbit.RabbitListenerEndpointContainer#0-1] INFO  msg: >>>>> mq 收到 es2 同步消息：{}this is a new blog69
2020-11-11 11:15:22 [org.springframework.amqp.rabbit.RabbitListenerEndpointContainer#0-1] INFO  msg: >>>>> es 同步成功
2020-11-11 11:15:22 [org.springframework.amqp.rabbit.RabbitListenerEndpointContainer#0-1] INFO  msg: >>>>> mq 收到 es2 同步消息：{}this is a new blog70
2020-11-11 11:15:22 [org.springframework.amqp.rabbit.RabbitListenerEndpointContainer#0-1] INFO  msg: >>>>> es 同步成功
2020-11-11 11:15:22 [org.springframework.amqp.rabbit.RabbitListenerEndpointContainer#0-1] INFO  msg: >>>>> mq 收到 es2 同步消息：{}this is a new blog71
2020-11-11 11:15:22 [org.springframework.amqp.rabbit.RabbitListenerEndpointContainer#0-1] INFO  msg: >>>>> es 同步成功
2020-11-11 11:15:22 [org.springframework.amqp.rabbit.RabbitListenerEndpointContainer#0-1] INFO  msg: >>>>> mq 收到 es2 同步消息：{}this is a new blog72
2020-11-11 11:15:22 [org.springframework.amqp.rabbit.RabbitListenerEndpointContainer#0-1] INFO  msg: >>>>> es 同步成功
2020-11-11 11:15:22 [org.springframework.amqp.rabbit.RabbitListenerEndpointContainer#0-1] INFO  msg: >>>>> mq 收到 es2 同步消息：{}this is a new blog73
2020-11-11 11:15:22 [org.springframework.amqp.rabbit.RabbitListenerEndpointContainer#0-1] INFO  msg: >>>>> es 同步成功
2020-11-11 11:15:22 [org.springframework.amqp.rabbit.RabbitListenerEndpointContainer#0-1] INFO  msg: >>>>> mq 收到 es2 同步消息：{}this is a new blog74
2020-11-11 11:15:22 [org.springframework.amqp.rabbit.RabbitListenerEndpointContainer#0-1] INFO  msg: >>>>> es 同步成功
2020-11-11 11:15:22 [org.springframework.amqp.rabbit.RabbitListenerEndpointContainer#0-1] INFO  msg: >>>>> mq 收到 es2 同步消息：{}this is a new blog75
2020-11-11 11:15:22 [org.springframework.amqp.rabbit.RabbitListenerEndpointContainer#0-1] INFO  msg: >>>>> es 同步成功
2020-11-11 11:15:22 [org.springframework.amqp.rabbit.RabbitListenerEndpointContainer#0-1] INFO  msg: >>>>> mq 收到 es2 同步消息：{}this is a new blog76
2020-11-11 11:15:22 [org.springframework.amqp.rabbit.RabbitListenerEndpointContainer#0-1] INFO  msg: >>>>> es 同步成功
2020-11-11 11:15:22 [org.springframework.amqp.rabbit.RabbitListenerEndpointContainer#0-1] INFO  msg: >>>>> mq 收到 es2 同步消息：{}this is a new blog77
2020-11-11 11:15:22 [org.springframework.amqp.rabbit.RabbitListenerEndpointContainer#0-1] INFO  msg: >>>>> es 同步成功
2020-11-11 11:15:22 [org.springframework.amqp.rabbit.RabbitListenerEndpointContainer#0-1] INFO  msg: >>>>> mq 收到 es2 同步消息：{}this is a new blog78
2020-11-11 11:15:22 [org.springframework.amqp.rabbit.RabbitListenerEndpointContainer#0-1] INFO  msg: >>>>> es 同步成功
2020-11-11 11:15:22 [org.springframework.amqp.rabbit.RabbitListenerEndpointContainer#0-1] INFO  msg: >>>>> mq 收到 es2 同步消息：{}this is a new blog79
2020-11-11 11:15:22 [org.springframework.amqp.rabbit.RabbitListenerEndpointContainer#0-1] INFO  msg: >>>>> es 同步成功
2020-11-11 11:15:22 [org.springframework.amqp.rabbit.RabbitListenerEndpointContainer#0-1] INFO  msg: >>>>> mq 收到 es2 同步消息：{}this is a new blog80
2020-11-11 11:15:22 [org.springframework.amqp.rabbit.RabbitListenerEndpointContainer#0-1] INFO  msg: >>>>> es 同步成功
2020-11-11 11:15:22 [org.springframework.amqp.rabbit.RabbitListenerEndpointContainer#0-1] INFO  msg: >>>>> mq 收到 es2 同步消息：{}this is a new blog81
2020-11-11 11:15:22 [org.springframework.amqp.rabbit.RabbitListenerEndpointContainer#0-1] INFO  msg: >>>>> es 同步成功
2020-11-11 11:15:22 [org.springframework.amqp.rabbit.RabbitListenerEndpointContainer#0-1] INFO  msg: >>>>> mq 收到 es2 同步消息：{}this is a new blog82
2020-11-11 11:15:22 [org.springframework.amqp.rabbit.RabbitListenerEndpointContainer#0-1] INFO  msg: >>>>> es 同步成功
2020-11-11 11:15:22 [org.springframework.amqp.rabbit.RabbitListenerEndpointContainer#0-1] INFO  msg: >>>>> mq 收到 es2 同步消息：{}this is a new blog83
2020-11-11 11:15:22 [org.springframework.amqp.rabbit.RabbitListenerEndpointContainer#0-1] INFO  msg: >>>>> es 同步成功
2020-11-11 11:15:22 [org.springframework.amqp.rabbit.RabbitListenerEndpointContainer#0-1] INFO  msg: >>>>> mq 收到 es2 同步消息：{}this is a new blog84
2020-11-11 11:15:22 [org.springframework.amqp.rabbit.RabbitListenerEndpointContainer#0-1] INFO  msg: >>>>> es 同步成功
2020-11-11 11:15:22 [org.springframework.amqp.rabbit.RabbitListenerEndpointContainer#0-1] INFO  msg: >>>>> mq 收到 es2 同步消息：{}this is a new blog85
2020-11-11 11:15:22 [org.springframework.amqp.rabbit.RabbitListenerEndpointContainer#0-1] INFO  msg: >>>>> es 同步成功
2020-11-11 11:15:22 [org.springframework.amqp.rabbit.RabbitListenerEndpointContainer#0-1] INFO  msg: >>>>> mq 收到 es2 同步消息：{}this is a new blog86
2020-11-11 11:15:22 [org.springframework.amqp.rabbit.RabbitListenerEndpointContainer#0-1] INFO  msg: >>>>> es 同步成功
2020-11-11 11:15:22 [org.springframework.amqp.rabbit.RabbitListenerEndpointContainer#0-1] INFO  msg: >>>>> mq 收到 es2 同步消息：{}this is a new blog87
2020-11-11 11:15:22 [org.springframework.amqp.rabbit.RabbitListenerEndpointContainer#0-1] INFO  msg: >>>>> es 同步成功
2020-11-11 11:15:22 [org.springframework.amqp.rabbit.RabbitListenerEndpointContainer#0-1] INFO  msg: >>>>> mq 收到 es2 同步消息：{}this is a new blog88
2020-11-11 11:15:22 [org.springframework.amqp.rabbit.RabbitListenerEndpointContainer#0-1] INFO  msg: >>>>> es 同步成功
2020-11-11 11:15:22 [org.springframework.amqp.rabbit.RabbitListenerEndpointContainer#0-1] INFO  msg: >>>>> mq 收到 es2 同步消息：{}this is a new blog89
2020-11-11 11:15:22 [org.springframework.amqp.rabbit.RabbitListenerEndpointContainer#0-1] INFO  msg: >>>>> es 同步成功
2020-11-11 11:15:22 [org.springframework.amqp.rabbit.RabbitListenerEndpointContainer#0-1] INFO  msg: >>>>> mq 收到 es2 同步消息：{}this is a new blog90
2020-11-11 11:15:22 [org.springframework.amqp.rabbit.RabbitListenerEndpointContainer#0-1] INFO  msg: >>>>> es 同步成功
2020-11-11 11:15:22 [org.springframework.amqp.rabbit.RabbitListenerEndpointContainer#0-1] INFO  msg: >>>>> mq 收到 es2 同步消息：{}this is a new blog91
2020-11-11 11:15:22 [org.springframework.amqp.rabbit.RabbitListenerEndpointContainer#0-1] INFO  msg: >>>>> es 同步成功
2020-11-11 11:15:22 [org.springframework.amqp.rabbit.RabbitListenerEndpointContainer#0-1] INFO  msg: >>>>> mq 收到 es2 同步消息：{}this is a new blog92
2020-11-11 11:15:22 [org.springframework.amqp.rabbit.RabbitListenerEndpointContainer#0-1] INFO  msg: >>>>> es 同步成功
2020-11-11 11:15:22 [org.springframework.amqp.rabbit.RabbitListenerEndpointContainer#0-1] INFO  msg: >>>>> mq 收到 es2 同步消息：{}this is a new blog93
2020-11-11 11:15:22 [org.springframework.amqp.rabbit.RabbitListenerEndpointContainer#0-1] INFO  msg: >>>>> es 同步成功
2020-11-11 11:15:22 [org.springframework.amqp.rabbit.RabbitListenerEndpointContainer#0-1] INFO  msg: >>>>> mq 收到 es2 同步消息：{}this is a new blog94
2020-11-11 11:15:22 [org.springframework.amqp.rabbit.RabbitListenerEndpointContainer#0-1] INFO  msg: >>>>> es 同步成功
2020-11-11 11:15:22 [org.springframework.amqp.rabbit.RabbitListenerEndpointContainer#0-1] INFO  msg: >>>>> mq 收到 es2 同步消息：{}this is a new blog95
2020-11-11 11:15:22 [org.springframework.amqp.rabbit.RabbitListenerEndpointContainer#0-1] INFO  msg: >>>>> es 同步成功
2020-11-11 11:15:22 [org.springframework.amqp.rabbit.RabbitListenerEndpointContainer#0-1] INFO  msg: >>>>> mq 收到 es2 同步消息：{}this is a new blog96
2020-11-11 11:15:22 [org.springframework.amqp.rabbit.RabbitListenerEndpointContainer#0-1] INFO  msg: >>>>> es 同步成功
2020-11-11 11:15:22 [org.springframework.amqp.rabbit.RabbitListenerEndpointContainer#0-1] INFO  msg: >>>>> mq 收到 es2 同步消息：{}this is a new blog97
2020-11-11 11:15:22 [org.springframework.amqp.rabbit.RabbitListenerEndpointContainer#0-1] INFO  msg: >>>>> es 同步成功
2020-11-11 11:15:22 [org.springframework.amqp.rabbit.RabbitListenerEndpointContainer#0-1] INFO  msg: >>>>> mq 收到 es2 同步消息：{}this is a new blog98
2020-11-11 11:15:22 [org.springframework.amqp.rabbit.RabbitListenerEndpointContainer#0-1] INFO  msg: >>>>> es 同步成功
2020-11-11 11:15:22 [org.springframework.amqp.rabbit.RabbitListenerEndpointContainer#0-1] INFO  msg: >>>>> mq 收到 es2 同步消息：{}this is a new blog99
2020-11-11 11:15:22 [org.springframework.amqp.rabbit.RabbitListenerEndpointContainer#0-1] INFO  msg: >>>>> es 同步成功
