2020-11-23 14:39:42 [http-nio-8080-exec-2] INFO  msg: ip:0:0:0:0:0:0:0:1, url:http://localhost:8080/, parameters:
2020-11-23 14:39:45 [http-nio-8080-exec-9] INFO  msg: ip:0:0:0:0:0:0:0:1, url:http://localhost:8080/footer/newblog, parameters:
2020-11-23 14:39:46 [http-nio-8080-exec-5] INFO  msg: ip:0:0:0:0:0:0:0:1, url:http://localhost:8080/favicon.ico, parameters:
2020-11-23 14:39:48 [http-nio-8080-exec-10] INFO  msg: ip:0:0:0:0:0:0:0:1, url:http://localhost:8080/search, parameters:query=java ,
2020-11-23 14:39:49 [http-nio-8080-exec-2] INFO  msg: ip:0:0:0:0:0:0:0:1, url:http://localhost:8080/footer/newblog, parameters:
2020-11-23 14:40:03 [http-nio-8080-exec-8] INFO  msg: ip:0:0:0:0:0:0:0:1, url:http://localhost:8080/blog/28, parameters:
2020-11-23 14:40:04 [http-nio-8080-exec-1] INFO  msg: ip:0:0:0:0:0:0:0:1, url:http://localhost:8080/footer/newblog, parameters:
2020-11-23 14:40:04 [http-nio-8080-exec-6] INFO  msg: ip:0:0:0:0:0:0:0:1, url:http://localhost:8080/comments/28, parameters:
2020-11-23 14:40:32 [http-nio-8080-exec-4] INFO  msg: ip:0:0:0:0:0:0:0:1, url:http://localhost:8080/search, parameters:pageNo=2 ,query=java ,
2020-11-23 14:40:32 [http-nio-8080-exec-9] INFO  msg: ip:0:0:0:0:0:0:0:1, url:http://localhost:8080/footer/newblog, parameters:
2020-11-23 14:40:34 [http-nio-8080-exec-8] INFO  msg: ip:0:0:0:0:0:0:0:1, url:http://localhost:8080/search, parameters:pageNo=1 ,query=java ,
2020-11-23 14:40:35 [http-nio-8080-exec-6] INFO  msg: ip:0:0:0:0:0:0:0:1, url:http://localhost:8080/footer/newblog, parameters:
2020-11-23 14:49:08 [http-nio-8080-exec-1] INFO  msg: ip:0:0:0:0:0:0:0:1, url:http://localhost:8080/search, parameters:pageNo=1 ,query=java ,
2020-11-23 14:49:12 [http-nio-8080-exec-3] INFO  msg: ip:0:0:0:0:0:0:0:1, url:http://localhost:8080/footer/newblog, parameters:
2020-11-23 14:49:12 [http-nio-8080-exec-6] INFO  msg: ip:0:0:0:0:0:0:0:1, url:http://localhost:8080/favicon.ico, parameters:
2020-11-23 14:49:43 [http-nio-8080-exec-5] INFO  msg: ip:0:0:0:0:0:0:0:1, url:http://localhost:8080/search, parameters:pageNo=2 ,query=java ,
2020-11-23 14:49:44 [http-nio-8080-exec-4] INFO  msg: ip:0:0:0:0:0:0:0:1, url:http://localhost:8080/footer/newblog, parameters:
2020-11-23 14:49:49 [http-nio-8080-exec-9] INFO  msg: ip:0:0:0:0:0:0:0:1, url:http://localhost:8080/search, parameters:pageNo=1 ,query=java ,
2020-11-23 14:49:50 [http-nio-8080-exec-5] INFO  msg: ip:0:0:0:0:0:0:0:1, url:http://localhost:8080/footer/newblog, parameters:
2020-11-23 14:50:07 [http-nio-8080-exec-6] INFO  msg: ip:0:0:0:0:0:0:0:1, url:http://localhost:8080/search, parameters:pageNo=2 ,query=java ,
2020-11-23 14:50:07 [http-nio-8080-exec-10] INFO  msg: ip:0:0:0:0:0:0:0:1, url:http://localhost:8080/footer/newblog, parameters:
2020-11-23 14:50:10 [http-nio-8080-exec-4] INFO  msg: ip:0:0:0:0:0:0:0:1, url:http://localhost:8080/search, parameters:pageNo=1 ,query=java ,
2020-11-23 14:50:10 [http-nio-8080-exec-5] INFO  msg: ip:0:0:0:0:0:0:0:1, url:http://localhost:8080/footer/newblog, parameters:
2020-11-23 14:50:14 [http-nio-8080-exec-9] INFO  msg: ip:0:0:0:0:0:0:0:1, url:http://localhost:8080/search, parameters:pageNo=2 ,query=java ,
2020-11-23 14:50:14 [http-nio-8080-exec-2] INFO  msg: ip:0:0:0:0:0:0:0:1, url:http://localhost:8080/footer/newblog, parameters:
2020-11-23 14:50:17 [http-nio-8080-exec-3] INFO  msg: ip:0:0:0:0:0:0:0:1, url:http://localhost:8080/search, parameters:pageNo=1 ,query=java ,
2020-11-23 14:50:17 [http-nio-8080-exec-4] INFO  msg: ip:0:0:0:0:0:0:0:1, url:http://localhost:8080/footer/newblog, parameters:
2020-11-23 14:50:19 [http-nio-8080-exec-9] INFO  msg: ip:0:0:0:0:0:0:0:1, url:http://localhost:8080/search, parameters:pageNo=2 ,query=java ,
2020-11-23 14:50:20 [http-nio-8080-exec-5] INFO  msg: ip:0:0:0:0:0:0:0:1, url:http://localhost:8080/footer/newblog, parameters:
2020-11-23 14:50:22 [http-nio-8080-exec-1] INFO  msg: ip:0:0:0:0:0:0:0:1, url:http://localhost:8080/search, parameters:pageNo=3 ,query=java ,
2020-11-23 14:50:22 [http-nio-8080-exec-9] INFO  msg: ip:0:0:0:0:0:0:0:1, url:http://localhost:8080/footer/newblog, parameters:
2020-11-23 14:50:24 [http-nio-8080-exec-3] INFO  msg: ip:0:0:0:0:0:0:0:1, url:http://localhost:8080/search, parameters:pageNo=4 ,query=java ,
2020-11-23 14:50:25 [http-nio-8080-exec-10] INFO  msg: ip:0:0:0:0:0:0:0:1, url:http://localhost:8080/footer/newblog, parameters:
2020-11-23 14:50:26 [http-nio-8080-exec-5] INFO  msg: ip:0:0:0:0:0:0:0:1, url:http://localhost:8080/search, parameters:pageNo=5 ,query=java ,
2020-11-23 14:50:27 [http-nio-8080-exec-3] INFO  msg: ip:0:0:0:0:0:0:0:1, url:http://localhost:8080/footer/newblog, parameters:
2020-11-23 14:52:18 [http-nio-8080-exec-1] INFO  msg: ip:0:0:0:0:0:0:0:1, url:http://localhost:8080/search, parameters:query=java ,
2020-11-23 14:52:20 [http-nio-8080-exec-2] INFO  msg: ip:0:0:0:0:0:0:0:1, url:http://localhost:8080/footer/newblog, parameters:
2020-11-23 14:52:29 [http-nio-8080-exec-4] INFO  msg: ip:0:0:0:0:0:0:0:1, url:http://localhost:8080/search, parameters:pageNo=2 ,query=java ,
2020-11-23 14:52:30 [http-nio-8080-exec-9] INFO  msg: ip:0:0:0:0:0:0:0:1, url:http://localhost:8080/footer/newblog, parameters:
2020-11-23 14:52:34 [http-nio-8080-exec-7] INFO  msg: ip:0:0:0:0:0:0:0:1, url:http://localhost:8080/search, parameters:pageNo=1 ,query=java ,
2020-11-23 14:52:35 [http-nio-8080-exec-1] INFO  msg: ip:0:0:0:0:0:0:0:1, url:http://localhost:8080/footer/newblog, parameters:
2020-11-23 14:52:39 [http-nio-8080-exec-10] INFO  msg: ip:0:0:0:0:0:0:0:1, url:http://localhost:8080/search, parameters:pageNo=2 ,query=java ,
2020-11-23 14:52:40 [http-nio-8080-exec-5] INFO  msg: ip:0:0:0:0:0:0:0:1, url:http://localhost:8080/footer/newblog, parameters:
2020-11-23 14:52:42 [http-nio-8080-exec-3] INFO  msg: ip:0:0:0:0:0:0:0:1, url:http://localhost:8080/search, parameters:pageNo=3 ,query=java ,
2020-11-23 14:52:43 [http-nio-8080-exec-9] INFO  msg: ip:0:0:0:0:0:0:0:1, url:http://localhost:8080/footer/newblog, parameters:
2020-11-23 14:52:45 [http-nio-8080-exec-6] INFO  msg: ip:0:0:0:0:0:0:0:1, url:http://localhost:8080/search, parameters:pageNo=4 ,query=java ,
2020-11-23 14:52:45 [http-nio-8080-exec-5] INFO  msg: ip:0:0:0:0:0:0:0:1, url:http://localhost:8080/footer/newblog, parameters:
2020-11-23 14:52:48 [http-nio-8080-exec-3] INFO  msg: ip:0:0:0:0:0:0:0:1, url:http://localhost:8080/search, parameters:pageNo=5 ,query=java ,
2020-11-23 14:52:49 [http-nio-8080-exec-6] INFO  msg: ip:0:0:0:0:0:0:0:1, url:http://localhost:8080/footer/newblog, parameters:
2020-11-23 14:52:53 [http-nio-8080-exec-2] INFO  msg: ip:0:0:0:0:0:0:0:1, url:http://localhost:8080/search, parameters:pageNo=4 ,query=java ,
2020-11-23 14:52:54 [http-nio-8080-exec-9] INFO  msg: ip:0:0:0:0:0:0:0:1, url:http://localhost:8080/footer/newblog, parameters:
2020-11-23 14:52:57 [http-nio-8080-exec-3] INFO  msg: ip:0:0:0:0:0:0:0:1, url:http://localhost:8080/search, parameters:pageNo=5 ,query=java ,
2020-11-23 14:52:57 [http-nio-8080-exec-5] INFO  msg: ip:0:0:0:0:0:0:0:1, url:http://localhost:8080/footer/newblog, parameters:
2020-11-23 15:01:45 [http-nio-8080-exec-1] INFO  msg: ip:0:0:0:0:0:0:0:1, url:http://localhost:8080/blog/28, parameters:
2020-11-23 15:01:46 [http-nio-8080-exec-6] INFO  msg: ip:127.0.0.1, url:http://localhost:8080/footer/newblog, parameters:
2020-11-23 15:01:49 [http-nio-8080-exec-8] INFO  msg: ip:127.0.0.1, url:http://localhost:8080/search, parameters:pageNo=5 ,query=java ,
2020-11-23 15:01:49 [http-nio-8080-exec-5] INFO  msg: ip:0:0:0:0:0:0:0:1, url:http://localhost:8080/footer/newblog, parameters:
2020-11-23 15:01:49 [http-nio-8080-exec-9] INFO  msg: ip:0:0:0:0:0:0:0:1, url:http://localhost:8080/favicon.ico, parameters:
2020-11-23 15:01:52 [http-nio-8080-exec-3] INFO  msg: ip:0:0:0:0:0:0:0:1, url:http://localhost:8080/search, parameters:query=java ,
2020-11-23 15:01:52 [http-nio-8080-exec-2] INFO  msg: ip:0:0:0:0:0:0:0:1, url:http://localhost:8080/footer/newblog, parameters:
2020-11-23 15:02:06 [http-nio-8080-exec-7] INFO  msg: ip:0:0:0:0:0:0:0:1, url:http://localhost:8080/search, parameters:pageNo=2 ,query=java ,
2020-11-23 15:02:06 [http-nio-8080-exec-8] INFO  msg: ip:0:0:0:0:0:0:0:1, url:http://localhost:8080/footer/newblog, parameters:
2020-11-23 15:02:11 [http-nio-8080-exec-1] INFO  msg: ip:0:0:0:0:0:0:0:1, url:http://localhost:8080/search, parameters:pageNo=3 ,query=java ,
2020-11-23 15:02:12 [http-nio-8080-exec-3] INFO  msg: ip:0:0:0:0:0:0:0:1, url:http://localhost:8080/footer/newblog, parameters:
2020-11-23 15:02:15 [http-nio-8080-exec-4] INFO  msg: ip:0:0:0:0:0:0:0:1, url:http://localhost:8080/search, parameters:pageNo=2 ,query=java ,
2020-11-23 15:02:15 [http-nio-8080-exec-8] INFO  msg: ip:0:0:0:0:0:0:0:1, url:http://localhost:8080/footer/newblog, parameters:
2020-11-23 15:02:29 [http-nio-8080-exec-7] INFO  msg: ip:0:0:0:0:0:0:0:1, url:http://localhost:8080/search, parameters:pageNo=3 ,query=java ,
2020-11-23 15:02:30 [http-nio-8080-exec-6] INFO  msg: ip:127.0.0.1, url:http://localhost:8080/footer/newblog, parameters:
2020-11-23 15:04:46 [http-nio-8080-exec-1] INFO  msg: ip:0:0:0:0:0:0:0:1, url:http://localhost:8080/search, parameters:pageNo=3 ,query=java ,
2020-11-23 15:04:47 [http-nio-8080-exec-3] INFO  msg: ip:0:0:0:0:0:0:0:1, url:http://localhost:8080/footer/newblog, parameters:
2020-11-23 15:04:47 [http-nio-8080-exec-6] INFO  msg: ip:0:0:0:0:0:0:0:1, url:http://localhost:8080/favicon.ico, parameters:
2020-11-23 15:04:55 [http-nio-8080-exec-2] INFO  msg: ip:0:0:0:0:0:0:0:1, url:http://localhost:8080/search, parameters:query=java ,
2020-11-23 15:04:56 [http-nio-8080-exec-10] INFO  msg: ip:0:0:0:0:0:0:0:1, url:http://localhost:8080/footer/newblog, parameters:
2020-11-23 15:05:00 [http-nio-8080-exec-1] INFO  msg: ip:0:0:0:0:0:0:0:1, url:http://localhost:8080/search, parameters:pageNo=2 ,query=java ,
2020-11-23 15:05:00 [http-nio-8080-exec-8] INFO  msg: ip:0:0:0:0:0:0:0:1, url:http://localhost:8080/footer/newblog, parameters:
2020-11-23 15:05:05 [http-nio-8080-exec-6] INFO  msg: ip:0:0:0:0:0:0:0:1, url:http://localhost:8080/search, parameters:pageNo=1 ,query=java ,
2020-11-23 15:05:05 [http-nio-8080-exec-10] INFO  msg: ip:0:0:0:0:0:0:0:1, url:http://localhost:8080/footer/newblog, parameters:
2020-11-23 15:05:08 [http-nio-8080-exec-9] INFO  msg: ip:0:0:0:0:0:0:0:1, url:http://localhost:8080/search, parameters:pageNo=2 ,query=java ,
2020-11-23 15:05:09 [http-nio-8080-exec-6] INFO  msg: ip:0:0:0:0:0:0:0:1, url:http://localhost:8080/footer/newblog, parameters:
2020-11-23 15:20:33 [http-nio-8080-exec-7] INFO  msg: ip:0:0:0:0:0:0:0:1, url:http://localhost:8080/search, parameters:pageNo=3 ,query=java ,
2020-11-23 15:20:57 [http-nio-8080-exec-4] INFO  msg: ip:0:0:0:0:0:0:0:1, url:http://localhost:8080/footer/newblog, parameters:
2020-11-23 15:56:17 [http-nio-8080-exec-1] INFO  msg: ip:0:0:0:0:0:0:0:1, url:http://localhost:8080/search, parameters:pageNo=3 ,query=java ,
2020-11-23 15:56:18 [http-nio-8080-exec-7] INFO  msg: ip:0:0:0:0:0:0:0:1, url:http://localhost:8080/footer/newblog, parameters:
2020-11-23 15:56:18 [http-nio-8080-exec-4] INFO  msg: ip:0:0:0:0:0:0:0:1, url:http://localhost:8080/favicon.ico, parameters:
2020-11-23 15:56:21 [http-nio-8080-exec-3] INFO  msg: ip:0:0:0:0:0:0:0:1, url:http://localhost:8080/search, parameters:query=java ,
2020-11-23 15:56:21 [http-nio-8080-exec-1] INFO  msg: ip:0:0:0:0:0:0:0:1, url:http://localhost:8080/footer/newblog, parameters:
2020-11-23 15:56:24 [http-nio-8080-exec-2] INFO  msg: ip:0:0:0:0:0:0:0:1, url:http://localhost:8080/search, parameters:pageNo=2 ,query=java ,
2020-11-23 15:56:24 [http-nio-8080-exec-8] INFO  msg: ip:0:0:0:0:0:0:0:1, url:http://localhost:8080/footer/newblog, parameters:
2020-11-23 15:56:29 [http-nio-8080-exec-9] INFO  msg: ip:0:0:0:0:0:0:0:1, url:http://localhost:8080/search, parameters:pageNo=3 ,query=java ,
2020-11-23 15:56:29 [http-nio-8080-exec-2] INFO  msg: ip:0:0:0:0:0:0:0:1, url:http://localhost:8080/footer/newblog, parameters:
2020-11-23 15:56:33 [http-nio-8080-exec-3] INFO  msg: ip:0:0:0:0:0:0:0:1, url:http://localhost:8080/search, parameters:pageNo=4 ,query=java ,
2020-11-23 15:56:33 [http-nio-8080-exec-9] INFO  msg: ip:0:0:0:0:0:0:0:1, url:http://localhost:8080/footer/newblog, parameters:
2020-11-23 15:56:35 [http-nio-8080-exec-8] INFO  msg: ip:0:0:0:0:0:0:0:1, url:http://localhost:8080/search, parameters:pageNo=5 ,query=java ,
2020-11-23 15:56:35 [http-nio-8080-exec-5] INFO  msg: ip:0:0:0:0:0:0:0:1, url:http://localhost:8080/footer/newblog, parameters:
2020-11-23 15:56:37 [http-nio-8080-exec-10] INFO  msg: ip:0:0:0:0:0:0:0:1, url:http://localhost:8080/search, parameters:pageNo=6 ,query=java ,
2020-11-23 15:56:37 [http-nio-8080-exec-7] INFO  msg: ip:0:0:0:0:0:0:0:1, url:http://localhost:8080/footer/newblog, parameters:
2020-11-23 15:56:39 [http-nio-8080-exec-4] INFO  msg: ip:0:0:0:0:0:0:0:1, url:http://localhost:8080/search, parameters:pageNo=7 ,query=java ,
2020-11-23 15:56:39 [http-nio-8080-exec-9] INFO  msg: ip:0:0:0:0:0:0:0:1, url:http://localhost:8080/footer/newblog, parameters:
2020-11-23 15:56:50 [http-nio-8080-exec-10] INFO  msg: ip:0:0:0:0:0:0:0:1, url:http://localhost:8080/search, parameters:query=java ,
2020-11-23 15:56:50 [http-nio-8080-exec-3] INFO  msg: ip:0:0:0:0:0:0:0:1, url:http://localhost:8080/footer/newblog, parameters:
2020-11-23 15:57:19 [http-nio-8080-exec-7] INFO  msg: ip:0:0:0:0:0:0:0:1, url:http://localhost:8080/search, parameters:query=java ,
2020-11-23 15:57:20 [http-nio-8080-exec-5] INFO  msg: ip:0:0:0:0:0:0:0:1, url:http://localhost:8080/footer/newblog, parameters:
2020-11-23 16:10:28 [http-nio-8080-exec-1] INFO  msg: ip:0:0:0:0:0:0:0:1, url:http://localhost:8080/search, parameters:query=java ,
2020-11-23 16:10:30 [http-nio-8080-exec-2] INFO  msg: ip:0:0:0:0:0:0:0:1, url:http://localhost:8080/footer/newblog, parameters:
2020-11-23 16:11:06 [http-nio-8080-exec-9] INFO  msg: ip:0:0:0:0:0:0:0:1, url:http://localhost:8080/footer/newblog, parameters:
2020-11-23 16:11:08 [http-nio-8080-exec-6] INFO  msg: ip:0:0:0:0:0:0:0:1, url:http://localhost:8080/footer/newblog, parameters:
2020-11-23 16:11:27 [http-nio-8080-exec-9] INFO  msg: ip:0:0:0:0:0:0:0:1, url:http://localhost:8080/search, parameters:pageNo=2 ,query=java ,
2020-11-23 16:11:28 [http-nio-8080-exec-4] INFO  msg: ip:0:0:0:0:0:0:0:1, url:http://localhost:8080/footer/newblog, parameters:
2020-11-23 16:11:32 [http-nio-8080-exec-5] INFO  msg: ip:0:0:0:0:0:0:0:1, url:http://localhost:8080/search, parameters:pageNo=3 ,query=java ,
2020-11-23 16:11:32 [http-nio-8080-exec-10] INFO  msg: ip:0:0:0:0:0:0:0:1, url:http://localhost:8080/footer/newblog, parameters:
2020-11-23 16:13:55 [http-nio-8080-exec-3] INFO  msg: ip:0:0:0:0:0:0:0:1, url:http://localhost:8080/search, parameters:query=java ,
2020-11-23 16:13:56 [http-nio-8080-exec-5] INFO  msg: ip:0:0:0:0:0:0:0:1, url:http://localhost:8080/footer/newblog, parameters:
2020-11-23 16:15:56 [http-nio-8080-exec-1] INFO  msg: ip:0:0:0:0:0:0:0:1, url:http://localhost:8080/search, parameters:query=java ,
2020-11-23 16:17:22 [http-nio-8080-exec-2] INFO  msg: ip:0:0:0:0:0:0:0:1, url:http://localhost:8080/search, parameters:query=java ,
2020-11-23 16:17:25 [http-nio-8080-exec-4] INFO  msg: ip:0:0:0:0:0:0:0:1, url:http://localhost:8080/footer/newblog, parameters:
2020-11-23 16:17:26 [http-nio-8080-exec-5] INFO  msg: ip:0:0:0:0:0:0:0:1, url:http://localhost:8080/favicon.ico, parameters:
2020-11-23 16:17:38 [http-nio-8080-exec-7] INFO  msg: ip:0:0:0:0:0:0:0:1, url:http://localhost:8080/search, parameters:pageNo=2 ,query=java ,
2020-11-23 16:17:38 [http-nio-8080-exec-2] INFO  msg: ip:0:0:0:0:0:0:0:1, url:http://localhost:8080/footer/newblog, parameters:
2020-11-23 16:17:45 [http-nio-8080-exec-10] INFO  msg: ip:0:0:0:0:0:0:0:1, url:http://localhost:8080/search, parameters:pageNo=1 ,query=java ,
2020-11-23 16:17:45 [http-nio-8080-exec-8] INFO  msg: ip:0:0:0:0:0:0:0:1, url:http://localhost:8080/footer/newblog, parameters:
2020-11-23 16:20:25 [http-nio-8080-exec-2] INFO  msg: ip:0:0:0:0:0:0:0:1, url:http://localhost:8080/error, parameters:
2020-11-23 16:20:25 [http-nio-8080-exec-1] INFO  msg: ip:0:0:0:0:0:0:0:1, url:http://localhost:8080/error, parameters:
2020-11-23 16:20:26 [http-nio-8080-exec-9] INFO  msg: ip:0:0:0:0:0:0:0:1, url:http://localhost:8080/footer/newblog, parameters:
2020-11-23 16:20:26 [http-nio-8080-exec-10] INFO  msg: ip:0:0:0:0:0:0:0:1, url:http://localhost:8080/comments/61, parameters:
2020-11-23 17:28:25 [http-nio-8080-exec-2] INFO  msg: ip:0:0:0:0:0:0:0:1, url:http://localhost:8080/search, parameters:query=java ,
2020-11-23 17:28:48 [http-nio-8080-exec-4] INFO  msg: ip:0:0:0:0:0:0:0:1, url:http://localhost:8080/, parameters:
2020-11-23 17:28:49 [http-nio-8080-exec-5] INFO  msg: ip:0:0:0:0:0:0:0:1, url:http://localhost:8080/footer/newblog, parameters:
2020-11-23 17:28:51 [http-nio-8080-exec-2] INFO  msg: ip:0:0:0:0:0:0:0:1, url:http://localhost:8080/search, parameters:query=java ,
2020-11-23 17:29:09 [http-nio-8080-exec-10] INFO  msg: ip:0:0:0:0:0:0:0:1, url:http://localhost:8080/search, parameters:query=java ,
2020-11-23 17:29:32 [http-nio-8080-exec-5] INFO  msg: ip:0:0:0:0:0:0:0:1, url:http://localhost:8080/favicon.ico, parameters:
2020-11-23 17:44:21 [http-nio-8080-exec-1] INFO  msg: ip:0:0:0:0:0:0:0:1, url:http://localhost:8080/search, parameters:query=java ,
2020-11-23 17:47:14 [http-nio-8080-exec-4] INFO  msg: ip:0:0:0:0:0:0:0:1, url:http://localhost:8080/search, parameters:query=java ,
2020-11-23 17:47:49 [http-nio-8080-exec-3] INFO  msg: ip:0:0:0:0:0:0:0:1, url:http://localhost:8080/favicon.ico, parameters:
2020-11-23 17:48:43 [http-nio-8080-exec-4] INFO  msg: ip:0:0:0:0:0:0:0:1, url:http://localhost:8080/search, parameters:query=java ,
2020-11-23 17:48:43 [http-nio-8080-exec-3] INFO  msg: ip:0:0:0:0:0:0:0:1, url:http://localhost:8080/favicon.ico, parameters:
2020-11-23 17:48:48 [http-nio-8080-exec-4] INFO  msg: ip:0:0:0:0:0:0:0:1, url:http://localhost:8080/search, parameters:query=java ,
2020-11-23 17:48:48 [http-nio-8080-exec-3] INFO  msg: ip:0:0:0:0:0:0:0:1, url:http://localhost:8080/favicon.ico, parameters:
2020-11-23 17:49:15 [http-nio-8080-exec-4] INFO  msg: ip:0:0:0:0:0:0:0:1, url:http://localhost:8080/search, parameters:query=java ,
2020-11-23 18:00:59 [http-nio-8080-exec-9] INFO  msg: ip:0:0:0:0:0:0:0:1, url:http://localhost:8080/favicon.ico, parameters:
2020-11-23 18:40:09 [http-nio-8080-exec-1] INFO  msg: ip:0:0:0:0:0:0:0:1, url:http://localhost:8080/search, parameters:query=java ,
2020-11-23 18:40:16 [http-nio-8080-exec-10] INFO  msg: ip:0:0:0:0:0:0:0:1, url:http://localhost:8080/favicon.ico, parameters:
